

================================================================
== Vivado HLS Report for 'relu_ap_fixed_24_8_5_3_0_ap_uint_8_relu_config12_s'
================================================================
* Date:           Mon Feb 20 21:56:53 2023

* Version:        2020.1 (Build 2897737 on Wed May 27 20:21:37 MDT 2020)
* Project:        emtfptnn_prj
* Solution:       solution1
* Product family: virtex7
* Target device:  xc7vx690t-ffg1927-2


================================================================
== Performance Estimates
================================================================
+ Timing: 
    * Summary: 
    +--------+---------+----------+------------+
    |  Clock |  Target | Estimated| Uncertainty|
    +--------+---------+----------+------------+
    |ap_clk  | 7.69 ns | 1.592 ns |   0.96 ns  |
    +--------+---------+----------+------------+

+ Latency: 
    * Summary: 
    +---------+---------+----------+----------+-----+-----+----------+
    |  Latency (cycles) |  Latency (absolute) |  Interval | Pipeline |
    |   min   |   max   |    min   |    max   | min | max |   Type   |
    +---------+---------+----------+----------+-----+-----+----------+
    |        0|        0|   0 ns   |   0 ns   |    1|    1| function |
    +---------+---------+----------+----------+-----+-----+----------+

    + Detail: 
        * Instance: 
        N/A

        * Loop: 
        N/A



================================================================
== Utilization Estimates
================================================================
* Summary: 
+-----------------+---------+-------+--------+--------+-----+
|       Name      | BRAM_18K| DSP48E|   FF   |   LUT  | URAM|
+-----------------+---------+-------+--------+--------+-----+
|DSP              |        -|      -|       -|       -|    -|
|Expression       |        -|      -|       0|      52|    -|
|FIFO             |        -|      -|       -|       -|    -|
|Instance         |        -|      -|       -|       -|    -|
|Memory           |        -|      -|       -|       -|    -|
|Multiplexer      |        -|      -|       -|       -|    -|
|Register         |        -|      -|       -|       -|    -|
+-----------------+---------+-------+--------+--------+-----+
|Total            |        0|      0|       0|      52|    0|
+-----------------+---------+-------+--------+--------+-----+
|Available        |     2940|   3600|  866400|  433200|    0|
+-----------------+---------+-------+--------+--------+-----+
|Utilization (%)  |        0|      0|       0|   ~0   |    0|
+-----------------+---------+-------+--------+--------+-----+

+ Detail: 
    * Instance: 
    N/A

    * DSP48E: 
    N/A

    * Memory: 
    N/A

    * FIFO: 
    N/A

    * Expression: 
    +--------------------------+----------+-------+---+----+------------+------------+
    |       Variable Name      | Operation| DSP48E| FF| LUT| Bitwidth P0| Bitwidth P1|
    +--------------------------+----------+-------+---+----+------------+------------+
    |icmp_ln1494_1_fu_70_p2    |   icmp   |      0|  0|  18|          24|           1|
    |icmp_ln1494_fu_46_p2      |   icmp   |      0|  0|  18|          24|           1|
    |select_ln1494_1_fu_86_p3  |  select  |      0|  0|   8|           1|           8|
    |select_ln1494_fu_62_p3    |  select  |      0|  0|   8|           1|           8|
    +--------------------------+----------+-------+---+----+------------+------------+
    |Total                     |          |      0|  0|  52|          50|          18|
    +--------------------------+----------+-------+---+----+------------+------------+

    * Multiplexer: 
    N/A

    * Register: 
    N/A



================================================================
== Interface
================================================================
* Summary: 
+---------------+-----+-----+------------+-----------------------------------------------------------+--------------+
|   RTL Ports   | Dir | Bits|  Protocol  |                       Source Object                       |    C Type    |
+---------------+-----+-----+------------+-----------------------------------------------------------+--------------+
|ap_ready       | out |    1| ap_ctrl_hs | relu<ap_fixed<24, 8, 5, 3, 0>, ap_uint<8>, relu_config12> | return value |
|ap_return_0    | out |    8| ap_ctrl_hs | relu<ap_fixed<24, 8, 5, 3, 0>, ap_uint<8>, relu_config12> | return value |
|ap_return_1    | out |    8| ap_ctrl_hs | relu<ap_fixed<24, 8, 5, 3, 0>, ap_uint<8>, relu_config12> | return value |
|data_0_V_read  |  in |   24|   ap_none  |                       data_0_V_read                       |    scalar    |
|data_1_V_read  |  in |   24|   ap_none  |                       data_1_V_read                       |    scalar    |
+---------------+-----+-----+------------+-----------------------------------------------------------+--------------+

