

================================================================
== Vivado HLS Report for 'dense_latency_ap_fixed_ap_fixed_config11_0_0_0'
================================================================
* Date:           Mon Feb 20 21:56:26 2023

* Version:        2020.1 (Build 2897737 on Wed May 27 20:21:37 MDT 2020)
* Project:        emtfptnn_prj
* Solution:       solution1
* Product family: virtex7
* Target device:  xc7vx690t-ffg1927-2


================================================================
== Performance Estimates
================================================================
+ Timing: 
    * Summary: 
    +--------+---------+----------+------------+
    |  Clock |  Target | Estimated| Uncertainty|
    +--------+---------+----------+------------+
    |ap_clk  | 7.69 ns | 6.207 ns |   0.96 ns  |
    +--------+---------+----------+------------+

+ Latency: 
    * Summary: 
    +---------+---------+----------+----------+-----+-----+----------+
    |  Latency (cycles) |  Latency (absolute) |  Interval | Pipeline |
    |   min   |   max   |    min   |    max   | min | max |   Type   |
    +---------+---------+----------+----------+-----+-----+----------+
    |        1|        1| 7.692 ns | 7.692 ns |    1|    1| function |
    +---------+---------+----------+----------+-----+-----+----------+

    + Detail: 
        * Instance: 
        N/A

        * Loop: 
        N/A

============================================================
+ Verbose Summary: Synthesis Manager
============================================================
InlineROM: 1
ExposeGlobal: 0
============================================================
+ Verbose Summary: CDFG Model
============================================================
IsTopModel: 0
ResetActiveHigh: 1
IsCombinational: 0
IsDatapathOnly: 0
HasWiredReturn: 1
HasMFsm: 2
HasVarLatency: 0
IsPipeline: 1
IsRtlPipelined: 1
IsInstanceOverlapped: 0
IsDontTouch: 0
HasImplIP: 0
IsGatedGlobalClock: 0

+ Individual pipeline summary: 
  * Pipeline-0: initiation interval (II) = 1, depth = 2


============================================================
+ Verbose Summary: Schedule
============================================================
* Number of FSM states : 2
* Pipeline : 1
  Pipeline-0 : II = 1, D = 2, States = { 1 2 }
* Dataflow Pipeline: 0

* FSM state transitions: 
1 --> 2 
2 --> 

* FSM state operations: 

State 1 <SV = 0> <Delay = 6.20>
ST_1 : Operation 3 [1/1] (0.00ns)   --->   "%data_15_V_read_4 = call i24 @_ssdm_op_Read.ap_auto.i24(i24 %data_15_V_read)" [firmware/nnet_utils/nnet_dense_latency.h:33]   --->   Operation 3 'read' 'data_15_V_read_4' <Predicate = true> <Delay = 0.00>
ST_1 : Operation 4 [1/1] (0.00ns)   --->   "%data_14_V_read_4 = call i24 @_ssdm_op_Read.ap_auto.i24(i24 %data_14_V_read)" [firmware/nnet_utils/nnet_dense_latency.h:33]   --->   Operation 4 'read' 'data_14_V_read_4' <Predicate = true> <Delay = 0.00>
ST_1 : Operation 5 [1/1] (0.00ns)   --->   "%data_13_V_read_4 = call i24 @_ssdm_op_Read.ap_auto.i24(i24 %data_13_V_read)" [firmware/nnet_utils/nnet_dense_latency.h:33]   --->   Operation 5 'read' 'data_13_V_read_4' <Predicate = true> <Delay = 0.00>
ST_1 : Operation 6 [1/1] (0.00ns)   --->   "%data_12_V_read13 = call i24 @_ssdm_op_Read.ap_auto.i24(i24 %data_12_V_read)" [firmware/nnet_utils/nnet_dense_latency.h:33]   --->   Operation 6 'read' 'data_12_V_read13' <Predicate = true> <Delay = 0.00>
ST_1 : Operation 7 [1/1] (0.00ns)   --->   "%data_11_V_read12 = call i24 @_ssdm_op_Read.ap_auto.i24(i24 %data_11_V_read)" [firmware/nnet_utils/nnet_dense_latency.h:33]   --->   Operation 7 'read' 'data_11_V_read12' <Predicate = true> <Delay = 0.00>
ST_1 : Operation 8 [1/1] (0.00ns)   --->   "%data_10_V_read11 = call i24 @_ssdm_op_Read.ap_auto.i24(i24 %data_10_V_read)" [firmware/nnet_utils/nnet_dense_latency.h:33]   --->   Operation 8 'read' 'data_10_V_read11' <Predicate = true> <Delay = 0.00>
ST_1 : Operation 9 [1/1] (0.00ns)   --->   "%data_9_V_read_4 = call i24 @_ssdm_op_Read.ap_auto.i24(i24 %data_9_V_read)" [firmware/nnet_utils/nnet_dense_latency.h:33]   --->   Operation 9 'read' 'data_9_V_read_4' <Predicate = true> <Delay = 0.00>
ST_1 : Operation 10 [1/1] (0.00ns)   --->   "%data_8_V_read_4 = call i24 @_ssdm_op_Read.ap_auto.i24(i24 %data_8_V_read)" [firmware/nnet_utils/nnet_dense_latency.h:33]   --->   Operation 10 'read' 'data_8_V_read_4' <Predicate = true> <Delay = 0.00>
ST_1 : Operation 11 [1/1] (0.00ns)   --->   "%data_7_V_read_4 = call i24 @_ssdm_op_Read.ap_auto.i24(i24 %data_7_V_read)" [firmware/nnet_utils/nnet_dense_latency.h:33]   --->   Operation 11 'read' 'data_7_V_read_4' <Predicate = true> <Delay = 0.00>
ST_1 : Operation 12 [1/1] (0.00ns)   --->   "%data_6_V_read_4 = call i24 @_ssdm_op_Read.ap_auto.i24(i24 %data_6_V_read)" [firmware/nnet_utils/nnet_dense_latency.h:33]   --->   Operation 12 'read' 'data_6_V_read_4' <Predicate = true> <Delay = 0.00>
ST_1 : Operation 13 [1/1] (0.00ns)   --->   "%data_5_V_read_4 = call i24 @_ssdm_op_Read.ap_auto.i24(i24 %data_5_V_read)" [firmware/nnet_utils/nnet_dense_latency.h:33]   --->   Operation 13 'read' 'data_5_V_read_4' <Predicate = true> <Delay = 0.00>
ST_1 : Operation 14 [1/1] (0.00ns)   --->   "%data_4_V_read_4 = call i24 @_ssdm_op_Read.ap_auto.i24(i24 %data_4_V_read)" [firmware/nnet_utils/nnet_dense_latency.h:33]   --->   Operation 14 'read' 'data_4_V_read_4' <Predicate = true> <Delay = 0.00>
ST_1 : Operation 15 [1/1] (0.00ns)   --->   "%data_3_V_read_4 = call i24 @_ssdm_op_Read.ap_auto.i24(i24 %data_3_V_read)" [firmware/nnet_utils/nnet_dense_latency.h:33]   --->   Operation 15 'read' 'data_3_V_read_4' <Predicate = true> <Delay = 0.00>
ST_1 : Operation 16 [1/1] (0.00ns)   --->   "%data_2_V_read_4 = call i24 @_ssdm_op_Read.ap_auto.i24(i24 %data_2_V_read)" [firmware/nnet_utils/nnet_dense_latency.h:33]   --->   Operation 16 'read' 'data_2_V_read_4' <Predicate = true> <Delay = 0.00>
ST_1 : Operation 17 [1/1] (0.00ns)   --->   "%data_1_V_read_5 = call i24 @_ssdm_op_Read.ap_auto.i24(i24 %data_1_V_read)" [firmware/nnet_utils/nnet_dense_latency.h:33]   --->   Operation 17 'read' 'data_1_V_read_5' <Predicate = true> <Delay = 0.00>
ST_1 : Operation 18 [1/1] (0.00ns)   --->   "%data_0_V_read_5 = call i24 @_ssdm_op_Read.ap_auto.i24(i24 %data_0_V_read)" [firmware/nnet_utils/nnet_dense_latency.h:33]   --->   Operation 18 'read' 'data_0_V_read_5' <Predicate = true> <Delay = 0.00>
ST_1 : Operation 19 [1/1] (0.00ns)   --->   "%sext_ln1118 = sext i24 %data_0_V_read_5 to i40" [firmware/nnet_utils/nnet_mult.h:67->firmware/nnet_utils/nnet_dense_latency.h:96]   --->   Operation 19 'sext' 'sext_ln1118' <Predicate = true> <Delay = 0.00>
ST_1 : Operation 20 [1/1] (4.14ns)   --->   "%mul_ln1118 = mul i40 %sext_ln1118, 82096" [firmware/nnet_utils/nnet_mult.h:67->firmware/nnet_utils/nnet_dense_latency.h:96]   --->   Operation 20 'mul' 'mul_ln1118' <Predicate = true> <Delay = 4.14> <Core = "Mul">   --->   Core 16 'Mul' <Latency = 0> <II = 1> <Delay = 4.14> <FuncUnit> <Opcode : 'mul'> <InPorts = 2> <OutPorts = 1>
ST_1 : Operation 21 [1/1] (0.00ns)   --->   "%sext_ln1118_1 = sext i24 %data_1_V_read_5 to i40" [firmware/nnet_utils/nnet_mult.h:67->firmware/nnet_utils/nnet_dense_latency.h:96]   --->   Operation 21 'sext' 'sext_ln1118_1' <Predicate = true> <Delay = 0.00>
ST_1 : Operation 22 [1/1] (4.14ns)   --->   "%mul_ln1118_1 = mul i40 %sext_ln1118_1, 138275" [firmware/nnet_utils/nnet_mult.h:67->firmware/nnet_utils/nnet_dense_latency.h:96]   --->   Operation 22 'mul' 'mul_ln1118_1' <Predicate = true> <Delay = 4.14> <Core = "Mul">   --->   Core 16 'Mul' <Latency = 0> <II = 1> <Delay = 4.14> <FuncUnit> <Opcode : 'mul'> <InPorts = 2> <OutPorts = 1>
ST_1 : Operation 23 [1/1] (0.00ns)   --->   "%sext_ln1118_2 = sext i24 %data_2_V_read_4 to i40" [firmware/nnet_utils/nnet_mult.h:67->firmware/nnet_utils/nnet_dense_latency.h:96]   --->   Operation 23 'sext' 'sext_ln1118_2' <Predicate = true> <Delay = 0.00>
ST_1 : Operation 24 [1/1] (4.14ns)   --->   "%mul_ln1118_2 = mul i40 %sext_ln1118_2, 571458" [firmware/nnet_utils/nnet_mult.h:67->firmware/nnet_utils/nnet_dense_latency.h:96]   --->   Operation 24 'mul' 'mul_ln1118_2' <Predicate = true> <Delay = 4.14> <Core = "Mul">   --->   Core 16 'Mul' <Latency = 0> <II = 1> <Delay = 4.14> <FuncUnit> <Opcode : 'mul'> <InPorts = 2> <OutPorts = 1>
ST_1 : Operation 25 [1/1] (0.00ns)   --->   "%sext_ln1118_3 = sext i24 %data_3_V_read_4 to i40" [firmware/nnet_utils/nnet_mult.h:67->firmware/nnet_utils/nnet_dense_latency.h:96]   --->   Operation 25 'sext' 'sext_ln1118_3' <Predicate = true> <Delay = 0.00>
ST_1 : Operation 26 [1/1] (4.14ns)   --->   "%mul_ln1118_3 = mul i40 %sext_ln1118_3, -270283" [firmware/nnet_utils/nnet_mult.h:67->firmware/nnet_utils/nnet_dense_latency.h:96]   --->   Operation 26 'mul' 'mul_ln1118_3' <Predicate = true> <Delay = 4.14> <Core = "Mul">   --->   Core 16 'Mul' <Latency = 0> <II = 1> <Delay = 4.14> <FuncUnit> <Opcode : 'mul'> <InPorts = 2> <OutPorts = 1>
ST_1 : Operation 27 [1/1] (0.00ns)   --->   "%sext_ln1118_4 = sext i24 %data_4_V_read_4 to i40" [firmware/nnet_utils/nnet_mult.h:67->firmware/nnet_utils/nnet_dense_latency.h:96]   --->   Operation 27 'sext' 'sext_ln1118_4' <Predicate = true> <Delay = 0.00>
ST_1 : Operation 28 [1/1] (4.14ns)   --->   "%mul_ln1118_4 = mul i40 %sext_ln1118_4, -535463" [firmware/nnet_utils/nnet_mult.h:67->firmware/nnet_utils/nnet_dense_latency.h:96]   --->   Operation 28 'mul' 'mul_ln1118_4' <Predicate = true> <Delay = 4.14> <Core = "Mul">   --->   Core 16 'Mul' <Latency = 0> <II = 1> <Delay = 4.14> <FuncUnit> <Opcode : 'mul'> <InPorts = 2> <OutPorts = 1>
ST_1 : Operation 29 [1/1] (0.00ns)   --->   "%sext_ln1118_5 = sext i24 %data_5_V_read_4 to i40" [firmware/nnet_utils/nnet_mult.h:67->firmware/nnet_utils/nnet_dense_latency.h:96]   --->   Operation 29 'sext' 'sext_ln1118_5' <Predicate = true> <Delay = 0.00>
ST_1 : Operation 30 [1/1] (4.14ns)   --->   "%mul_ln1118_5 = mul i40 %sext_ln1118_5, -41272" [firmware/nnet_utils/nnet_mult.h:67->firmware/nnet_utils/nnet_dense_latency.h:96]   --->   Operation 30 'mul' 'mul_ln1118_5' <Predicate = true> <Delay = 4.14> <Core = "Mul">   --->   Core 16 'Mul' <Latency = 0> <II = 1> <Delay = 4.14> <FuncUnit> <Opcode : 'mul'> <InPorts = 2> <OutPorts = 1>
ST_1 : Operation 31 [1/1] (0.00ns)   --->   "%sext_ln1118_6 = sext i24 %data_6_V_read_4 to i40" [firmware/nnet_utils/nnet_mult.h:67->firmware/nnet_utils/nnet_dense_latency.h:96]   --->   Operation 31 'sext' 'sext_ln1118_6' <Predicate = true> <Delay = 0.00>
ST_1 : Operation 32 [1/1] (4.14ns)   --->   "%mul_ln1118_6 = mul i40 %sext_ln1118_6, 224466" [firmware/nnet_utils/nnet_mult.h:67->firmware/nnet_utils/nnet_dense_latency.h:96]   --->   Operation 32 'mul' 'mul_ln1118_6' <Predicate = true> <Delay = 4.14> <Core = "Mul">   --->   Core 16 'Mul' <Latency = 0> <II = 1> <Delay = 4.14> <FuncUnit> <Opcode : 'mul'> <InPorts = 2> <OutPorts = 1>
ST_1 : Operation 33 [1/1] (0.00ns)   --->   "%sext_ln1118_7 = sext i24 %data_7_V_read_4 to i40" [firmware/nnet_utils/nnet_mult.h:67->firmware/nnet_utils/nnet_dense_latency.h:96]   --->   Operation 33 'sext' 'sext_ln1118_7' <Predicate = true> <Delay = 0.00>
ST_1 : Operation 34 [1/1] (4.14ns)   --->   "%mul_ln1118_7 = mul i40 %sext_ln1118_7, 368932" [firmware/nnet_utils/nnet_mult.h:67->firmware/nnet_utils/nnet_dense_latency.h:96]   --->   Operation 34 'mul' 'mul_ln1118_7' <Predicate = true> <Delay = 4.14> <Core = "Mul">   --->   Core 16 'Mul' <Latency = 0> <II = 1> <Delay = 4.14> <FuncUnit> <Opcode : 'mul'> <InPorts = 2> <OutPorts = 1>
ST_1 : Operation 35 [1/1] (0.00ns)   --->   "%sext_ln1118_8 = sext i24 %data_8_V_read_4 to i40" [firmware/nnet_utils/nnet_mult.h:67->firmware/nnet_utils/nnet_dense_latency.h:96]   --->   Operation 35 'sext' 'sext_ln1118_8' <Predicate = true> <Delay = 0.00>
ST_1 : Operation 36 [1/1] (4.14ns)   --->   "%mul_ln1118_8 = mul i40 %sext_ln1118_8, 2397266" [firmware/nnet_utils/nnet_mult.h:67->firmware/nnet_utils/nnet_dense_latency.h:96]   --->   Operation 36 'mul' 'mul_ln1118_8' <Predicate = true> <Delay = 4.14> <Core = "Mul">   --->   Core 16 'Mul' <Latency = 0> <II = 1> <Delay = 4.14> <FuncUnit> <Opcode : 'mul'> <InPorts = 2> <OutPorts = 1>
ST_1 : Operation 37 [1/1] (0.00ns)   --->   "%sext_ln1118_9 = sext i24 %data_9_V_read_4 to i40" [firmware/nnet_utils/nnet_mult.h:67->firmware/nnet_utils/nnet_dense_latency.h:96]   --->   Operation 37 'sext' 'sext_ln1118_9' <Predicate = true> <Delay = 0.00>
ST_1 : Operation 38 [1/1] (4.14ns)   --->   "%mul_ln1118_9 = mul i40 %sext_ln1118_9, 859468" [firmware/nnet_utils/nnet_mult.h:67->firmware/nnet_utils/nnet_dense_latency.h:96]   --->   Operation 38 'mul' 'mul_ln1118_9' <Predicate = true> <Delay = 4.14> <Core = "Mul">   --->   Core 16 'Mul' <Latency = 0> <II = 1> <Delay = 4.14> <FuncUnit> <Opcode : 'mul'> <InPorts = 2> <OutPorts = 1>
ST_1 : Operation 39 [1/1] (0.00ns)   --->   "%sext_ln1118_10 = sext i24 %data_10_V_read11 to i40" [firmware/nnet_utils/nnet_mult.h:67->firmware/nnet_utils/nnet_dense_latency.h:96]   --->   Operation 39 'sext' 'sext_ln1118_10' <Predicate = true> <Delay = 0.00>
ST_1 : Operation 40 [1/1] (4.14ns)   --->   "%mul_ln1118_10 = mul i40 %sext_ln1118_10, 897903" [firmware/nnet_utils/nnet_mult.h:67->firmware/nnet_utils/nnet_dense_latency.h:96]   --->   Operation 40 'mul' 'mul_ln1118_10' <Predicate = true> <Delay = 4.14> <Core = "Mul">   --->   Core 16 'Mul' <Latency = 0> <II = 1> <Delay = 4.14> <FuncUnit> <Opcode : 'mul'> <InPorts = 2> <OutPorts = 1>
ST_1 : Operation 41 [1/1] (0.00ns)   --->   "%sext_ln1118_11 = sext i24 %data_11_V_read12 to i40" [firmware/nnet_utils/nnet_mult.h:67->firmware/nnet_utils/nnet_dense_latency.h:96]   --->   Operation 41 'sext' 'sext_ln1118_11' <Predicate = true> <Delay = 0.00>
ST_1 : Operation 42 [1/1] (4.14ns)   --->   "%mul_ln1118_11 = mul i40 %sext_ln1118_11, -1395710" [firmware/nnet_utils/nnet_mult.h:67->firmware/nnet_utils/nnet_dense_latency.h:96]   --->   Operation 42 'mul' 'mul_ln1118_11' <Predicate = true> <Delay = 4.14> <Core = "Mul">   --->   Core 16 'Mul' <Latency = 0> <II = 1> <Delay = 4.14> <FuncUnit> <Opcode : 'mul'> <InPorts = 2> <OutPorts = 1>
ST_1 : Operation 43 [1/1] (0.00ns)   --->   "%sext_ln1118_12 = sext i24 %data_12_V_read13 to i40" [firmware/nnet_utils/nnet_mult.h:67->firmware/nnet_utils/nnet_dense_latency.h:96]   --->   Operation 43 'sext' 'sext_ln1118_12' <Predicate = true> <Delay = 0.00>
ST_1 : Operation 44 [1/1] (4.14ns)   --->   "%mul_ln1118_12 = mul i40 %sext_ln1118_12, -415024" [firmware/nnet_utils/nnet_mult.h:67->firmware/nnet_utils/nnet_dense_latency.h:96]   --->   Operation 44 'mul' 'mul_ln1118_12' <Predicate = true> <Delay = 4.14> <Core = "Mul">   --->   Core 16 'Mul' <Latency = 0> <II = 1> <Delay = 4.14> <FuncUnit> <Opcode : 'mul'> <InPorts = 2> <OutPorts = 1>
ST_1 : Operation 45 [1/1] (0.00ns)   --->   "%sext_ln1118_13 = sext i24 %data_13_V_read_4 to i40" [firmware/nnet_utils/nnet_mult.h:67->firmware/nnet_utils/nnet_dense_latency.h:96]   --->   Operation 45 'sext' 'sext_ln1118_13' <Predicate = true> <Delay = 0.00>
ST_1 : Operation 46 [1/1] (4.14ns)   --->   "%mul_ln1118_13 = mul i40 %sext_ln1118_13, -1447209" [firmware/nnet_utils/nnet_mult.h:67->firmware/nnet_utils/nnet_dense_latency.h:96]   --->   Operation 46 'mul' 'mul_ln1118_13' <Predicate = true> <Delay = 4.14> <Core = "Mul">   --->   Core 16 'Mul' <Latency = 0> <II = 1> <Delay = 4.14> <FuncUnit> <Opcode : 'mul'> <InPorts = 2> <OutPorts = 1>
ST_1 : Operation 47 [1/1] (0.00ns)   --->   "%sext_ln1118_14 = sext i24 %data_14_V_read_4 to i40" [firmware/nnet_utils/nnet_mult.h:67->firmware/nnet_utils/nnet_dense_latency.h:96]   --->   Operation 47 'sext' 'sext_ln1118_14' <Predicate = true> <Delay = 0.00>
ST_1 : Operation 48 [1/1] (4.14ns)   --->   "%mul_ln1118_14 = mul i40 %sext_ln1118_14, 614561" [firmware/nnet_utils/nnet_mult.h:67->firmware/nnet_utils/nnet_dense_latency.h:96]   --->   Operation 48 'mul' 'mul_ln1118_14' <Predicate = true> <Delay = 4.14> <Core = "Mul">   --->   Core 16 'Mul' <Latency = 0> <II = 1> <Delay = 4.14> <FuncUnit> <Opcode : 'mul'> <InPorts = 2> <OutPorts = 1>
ST_1 : Operation 49 [1/1] (0.00ns)   --->   "%sext_ln1118_15 = sext i24 %data_15_V_read_4 to i40" [firmware/nnet_utils/nnet_mult.h:67->firmware/nnet_utils/nnet_dense_latency.h:96]   --->   Operation 49 'sext' 'sext_ln1118_15' <Predicate = true> <Delay = 0.00>
ST_1 : Operation 50 [1/1] (4.14ns)   --->   "%mul_ln1118_15 = mul i40 %sext_ln1118_15, 2421923" [firmware/nnet_utils/nnet_mult.h:67->firmware/nnet_utils/nnet_dense_latency.h:96]   --->   Operation 50 'mul' 'mul_ln1118_15' <Predicate = true> <Delay = 4.14> <Core = "Mul">   --->   Core 16 'Mul' <Latency = 0> <II = 1> <Delay = 4.14> <FuncUnit> <Opcode : 'mul'> <InPorts = 2> <OutPorts = 1>
ST_1 : Operation 51 [1/1] (0.00ns)   --->   "%trunc_ln = call i18 @_ssdm_op_PartSelect.i18.i40.i32.i32(i40 %mul_ln1118, i32 22, i32 39)" [firmware/nnet_utils/nnet_dense_latency.h:115]   --->   Operation 51 'partselect' 'trunc_ln' <Predicate = true> <Delay = 0.00>
ST_1 : Operation 52 [1/1] (0.00ns)   --->   "%trunc_ln703_s = call i18 @_ssdm_op_PartSelect.i18.i40.i32.i32(i40 %mul_ln1118_1, i32 22, i32 39)" [firmware/nnet_utils/nnet_dense_latency.h:115]   --->   Operation 52 'partselect' 'trunc_ln703_s' <Predicate = true> <Delay = 0.00>
ST_1 : Operation 53 [1/1] (0.00ns)   --->   "%trunc_ln703_1 = call i18 @_ssdm_op_PartSelect.i18.i40.i32.i32(i40 %mul_ln1118_2, i32 22, i32 39)" [firmware/nnet_utils/nnet_dense_latency.h:115]   --->   Operation 53 'partselect' 'trunc_ln703_1' <Predicate = true> <Delay = 0.00>
ST_1 : Operation 54 [1/1] (0.00ns)   --->   "%trunc_ln703_2 = call i18 @_ssdm_op_PartSelect.i18.i40.i32.i32(i40 %mul_ln1118_3, i32 22, i32 39)" [firmware/nnet_utils/nnet_dense_latency.h:115]   --->   Operation 54 'partselect' 'trunc_ln703_2' <Predicate = true> <Delay = 0.00>
ST_1 : Operation 55 [1/1] (0.00ns)   --->   "%trunc_ln703_3 = call i18 @_ssdm_op_PartSelect.i18.i40.i32.i32(i40 %mul_ln1118_4, i32 22, i32 39)" [firmware/nnet_utils/nnet_dense_latency.h:115]   --->   Operation 55 'partselect' 'trunc_ln703_3' <Predicate = true> <Delay = 0.00>
ST_1 : Operation 56 [1/1] (0.00ns)   --->   "%trunc_ln703_4 = call i18 @_ssdm_op_PartSelect.i18.i40.i32.i32(i40 %mul_ln1118_5, i32 22, i32 39)" [firmware/nnet_utils/nnet_dense_latency.h:115]   --->   Operation 56 'partselect' 'trunc_ln703_4' <Predicate = true> <Delay = 0.00>
ST_1 : Operation 57 [1/1] (0.00ns)   --->   "%trunc_ln703_5 = call i18 @_ssdm_op_PartSelect.i18.i40.i32.i32(i40 %mul_ln1118_6, i32 22, i32 39)" [firmware/nnet_utils/nnet_dense_latency.h:115]   --->   Operation 57 'partselect' 'trunc_ln703_5' <Predicate = true> <Delay = 0.00>
ST_1 : Operation 58 [1/1] (0.00ns)   --->   "%trunc_ln703_6 = call i18 @_ssdm_op_PartSelect.i18.i40.i32.i32(i40 %mul_ln1118_7, i32 22, i32 39)" [firmware/nnet_utils/nnet_dense_latency.h:115]   --->   Operation 58 'partselect' 'trunc_ln703_6' <Predicate = true> <Delay = 0.00>
ST_1 : Operation 59 [1/1] (0.00ns)   --->   "%trunc_ln703_7 = call i18 @_ssdm_op_PartSelect.i18.i40.i32.i32(i40 %mul_ln1118_8, i32 22, i32 39)" [firmware/nnet_utils/nnet_dense_latency.h:115]   --->   Operation 59 'partselect' 'trunc_ln703_7' <Predicate = true> <Delay = 0.00>
ST_1 : Operation 60 [1/1] (0.00ns)   --->   "%trunc_ln703_8 = call i18 @_ssdm_op_PartSelect.i18.i40.i32.i32(i40 %mul_ln1118_9, i32 22, i32 39)" [firmware/nnet_utils/nnet_dense_latency.h:115]   --->   Operation 60 'partselect' 'trunc_ln703_8' <Predicate = true> <Delay = 0.00>
ST_1 : Operation 61 [1/1] (0.00ns)   --->   "%trunc_ln703_9 = call i18 @_ssdm_op_PartSelect.i18.i40.i32.i32(i40 %mul_ln1118_10, i32 22, i32 39)" [firmware/nnet_utils/nnet_dense_latency.h:115]   --->   Operation 61 'partselect' 'trunc_ln703_9' <Predicate = true> <Delay = 0.00>
ST_1 : Operation 62 [1/1] (0.00ns)   --->   "%trunc_ln703_10 = call i18 @_ssdm_op_PartSelect.i18.i40.i32.i32(i40 %mul_ln1118_11, i32 22, i32 39)" [firmware/nnet_utils/nnet_dense_latency.h:115]   --->   Operation 62 'partselect' 'trunc_ln703_10' <Predicate = true> <Delay = 0.00>
ST_1 : Operation 63 [1/1] (0.00ns)   --->   "%trunc_ln703_11 = call i18 @_ssdm_op_PartSelect.i18.i40.i32.i32(i40 %mul_ln1118_12, i32 22, i32 39)" [firmware/nnet_utils/nnet_dense_latency.h:115]   --->   Operation 63 'partselect' 'trunc_ln703_11' <Predicate = true> <Delay = 0.00>
ST_1 : Operation 64 [1/1] (0.00ns)   --->   "%trunc_ln703_12 = call i18 @_ssdm_op_PartSelect.i18.i40.i32.i32(i40 %mul_ln1118_13, i32 22, i32 39)" [firmware/nnet_utils/nnet_dense_latency.h:115]   --->   Operation 64 'partselect' 'trunc_ln703_12' <Predicate = true> <Delay = 0.00>
ST_1 : Operation 65 [1/1] (0.00ns)   --->   "%trunc_ln703_13 = call i18 @_ssdm_op_PartSelect.i18.i40.i32.i32(i40 %mul_ln1118_14, i32 22, i32 39)" [firmware/nnet_utils/nnet_dense_latency.h:115]   --->   Operation 65 'partselect' 'trunc_ln703_13' <Predicate = true> <Delay = 0.00>
ST_1 : Operation 66 [1/1] (0.00ns)   --->   "%trunc_ln703_14 = call i18 @_ssdm_op_PartSelect.i18.i40.i32.i32(i40 %mul_ln1118_15, i32 22, i32 39)" [firmware/nnet_utils/nnet_dense_latency.h:115]   --->   Operation 66 'partselect' 'trunc_ln703_14' <Predicate = true> <Delay = 0.00>
ST_1 : Operation 67 [1/1] (1.33ns)   --->   "%add_ln731_1 = add i18 %trunc_ln703_s, %trunc_ln" [firmware/nnet_utils/nnet_mult.h:101->firmware/nnet_utils/nnet_dense_latency.h:125]   --->   Operation 67 'add' 'add_ln731_1' <Predicate = true> <Delay = 1.33> <Core = "AddSub">   --->   Core 14 'AddSub' <Latency = 0> <II = 1> <Delay = 1.33> <FuncUnit> <Opcode : 'add' 'sub'> <InPorts = 2> <OutPorts = 1>
ST_1 : Operation 68 [1/1] (1.33ns)   --->   "%add_ln731_4 = add i18 %trunc_ln703_4, %trunc_ln703_3" [firmware/nnet_utils/nnet_mult.h:101->firmware/nnet_utils/nnet_dense_latency.h:125]   --->   Operation 68 'add' 'add_ln731_4' <Predicate = true> <Delay = 1.33> <Core = "AddSub">   --->   Core 14 'AddSub' <Latency = 0> <II = 1> <Delay = 1.33> <FuncUnit> <Opcode : 'add' 'sub'> <InPorts = 2> <OutPorts = 1>
ST_1 : Operation 69 [1/1] (0.00ns) (grouped into TernaryAdder)   --->   "%add_ln731_5 = add i18 %trunc_ln703_6, 4785" [firmware/nnet_utils/nnet_mult.h:101->firmware/nnet_utils/nnet_dense_latency.h:125]   --->   Operation 69 'add' 'add_ln731_5' <Predicate = true> <Delay = 0.00> <Core = "TAddSub">   --->   Core 83 'TAddSub' <Latency = 0> <II = 1> <Delay = 1.03> <IPBlock> <Opcode : 'add' 'sub'> <InPorts = 3> <OutPorts = 1> <Sync> <CReg>
ST_1 : Operation 70 [1/1] (2.06ns) (root node of TernaryAdder)   --->   "%add_ln731_6 = add i18 %trunc_ln703_5, %add_ln731_5" [firmware/nnet_utils/nnet_mult.h:101->firmware/nnet_utils/nnet_dense_latency.h:125]   --->   Operation 70 'add' 'add_ln731_6' <Predicate = true> <Delay = 2.06> <Core = "TAddSub">   --->   Core 83 'TAddSub' <Latency = 0> <II = 1> <Delay = 1.03> <IPBlock> <Opcode : 'add' 'sub'> <InPorts = 3> <OutPorts = 1> <Sync> <CReg>
ST_1 : Operation 71 [1/1] (1.33ns)   --->   "%add_ln731_8 = add i18 %trunc_ln703_8, %trunc_ln703_7" [firmware/nnet_utils/nnet_mult.h:101->firmware/nnet_utils/nnet_dense_latency.h:125]   --->   Operation 71 'add' 'add_ln731_8' <Predicate = true> <Delay = 1.33> <Core = "AddSub">   --->   Core 14 'AddSub' <Latency = 0> <II = 1> <Delay = 1.33> <FuncUnit> <Opcode : 'add' 'sub'> <InPorts = 2> <OutPorts = 1>
ST_1 : Operation 72 [1/1] (1.33ns)   --->   "%add_ln731_11 = add i18 %trunc_ln703_12, %trunc_ln703_11" [firmware/nnet_utils/nnet_mult.h:101->firmware/nnet_utils/nnet_dense_latency.h:125]   --->   Operation 72 'add' 'add_ln731_11' <Predicate = true> <Delay = 1.33> <Core = "AddSub">   --->   Core 14 'AddSub' <Latency = 0> <II = 1> <Delay = 1.33> <FuncUnit> <Opcode : 'add' 'sub'> <InPorts = 2> <OutPorts = 1>
ST_1 : Operation 73 [1/1] (0.00ns) (grouped into TernaryAdder)   --->   "%add_ln731_12 = add i18 %trunc_ln703_14, 5411" [firmware/nnet_utils/nnet_mult.h:101->firmware/nnet_utils/nnet_dense_latency.h:125]   --->   Operation 73 'add' 'add_ln731_12' <Predicate = true> <Delay = 0.00> <Core = "TAddSub">   --->   Core 83 'TAddSub' <Latency = 0> <II = 1> <Delay = 1.03> <IPBlock> <Opcode : 'add' 'sub'> <InPorts = 3> <OutPorts = 1> <Sync> <CReg>
ST_1 : Operation 74 [1/1] (2.06ns) (root node of TernaryAdder)   --->   "%add_ln731_13 = add i18 %trunc_ln703_13, %add_ln731_12" [firmware/nnet_utils/nnet_mult.h:101->firmware/nnet_utils/nnet_dense_latency.h:125]   --->   Operation 74 'add' 'add_ln731_13' <Predicate = true> <Delay = 2.06> <Core = "TAddSub">   --->   Core 83 'TAddSub' <Latency = 0> <II = 1> <Delay = 1.03> <IPBlock> <Opcode : 'add' 'sub'> <InPorts = 3> <OutPorts = 1> <Sync> <CReg>

State 2 <SV = 1> <Delay = 4.13>
ST_2 : Operation 75 [1/1] (0.00ns)   --->   "%tmp = call i32 (...)* @_ssdm_op_SpecRegionBegin([13 x i8]* @p_str13)" [firmware/nnet_utils/nnet_dense_latency.h:45]   --->   Operation 75 'specregionbegin' 'tmp' <Predicate = true> <Delay = 0.00>
ST_2 : Operation 76 [1/1] (0.00ns)   --->   "call void (...)* @_ssdm_op_SpecPipeline(i32 1, i32 1, i32 1, i32 0, [1 x i8]* @p_str9) nounwind" [firmware/nnet_utils/nnet_dense_latency.h:49]   --->   Operation 76 'specpipeline' <Predicate = true> <Delay = 0.00>
ST_2 : Operation 77 [1/1] (0.00ns)   --->   "call void (...)* @_ssdm_op_SpecResourceLimit(i32 16, [4 x i8]* @p_str20, [1 x i8]* @p_str9, [1 x i8]* @p_str9, [1 x i8]* @p_str9) nounwind" [firmware/nnet_utils/nnet_mult.h:71->firmware/nnet_utils/nnet_dense_latency.h:57]   --->   Operation 77 'specresourcelimit' <Predicate = true> <Delay = 0.00>
ST_2 : Operation 78 [1/1] (0.00ns)   --->   "%empty = call i32 (...)* @_ssdm_op_SpecRegionEnd([13 x i8]* @p_str13, i32 %tmp)" [firmware/nnet_utils/nnet_dense_latency.h:59]   --->   Operation 78 'specregionend' 'empty' <Predicate = true> <Delay = 0.00>
ST_2 : Operation 79 [1/1] (0.00ns) (grouped into TernaryAdder)   --->   "%add_ln731_2 = add i18 %trunc_ln703_2, %trunc_ln703_1" [firmware/nnet_utils/nnet_mult.h:101->firmware/nnet_utils/nnet_dense_latency.h:125]   --->   Operation 79 'add' 'add_ln731_2' <Predicate = true> <Delay = 0.00> <Core = "TAddSub">   --->   Core 83 'TAddSub' <Latency = 0> <II = 1> <Delay = 1.03> <IPBlock> <Opcode : 'add' 'sub'> <InPorts = 3> <OutPorts = 1> <Sync> <CReg>
ST_2 : Operation 80 [1/1] (2.06ns) (root node of TernaryAdder)   --->   "%add_ln731_3 = add i18 %add_ln731_1, %add_ln731_2" [firmware/nnet_utils/nnet_mult.h:101->firmware/nnet_utils/nnet_dense_latency.h:125]   --->   Operation 80 'add' 'add_ln731_3' <Predicate = true> <Delay = 2.06> <Core = "TAddSub">   --->   Core 83 'TAddSub' <Latency = 0> <II = 1> <Delay = 1.03> <IPBlock> <Opcode : 'add' 'sub'> <InPorts = 3> <OutPorts = 1> <Sync> <CReg>
ST_2 : Operation 81 [1/1] (0.00ns) (grouped into TernaryAdder)   --->   "%add_ln731_7 = add i18 %add_ln731_4, %add_ln731_6" [firmware/nnet_utils/nnet_mult.h:101->firmware/nnet_utils/nnet_dense_latency.h:125]   --->   Operation 81 'add' 'add_ln731_7' <Predicate = true> <Delay = 0.00> <Core = "TAddSub">   --->   Core 83 'TAddSub' <Latency = 0> <II = 1> <Delay = 1.03> <IPBlock> <Opcode : 'add' 'sub'> <InPorts = 3> <OutPorts = 1> <Sync> <CReg>
ST_2 : Operation 82 [1/1] (2.06ns) (root node of TernaryAdder)   --->   "%add_ln731 = add i18 %add_ln731_3, %add_ln731_7" [firmware/nnet_utils/nnet_mult.h:101->firmware/nnet_utils/nnet_dense_latency.h:125]   --->   Operation 82 'add' 'add_ln731' <Predicate = true> <Delay = 2.06> <Core = "TAddSub">   --->   Core 83 'TAddSub' <Latency = 0> <II = 1> <Delay = 1.03> <IPBlock> <Opcode : 'add' 'sub'> <InPorts = 3> <OutPorts = 1> <Sync> <CReg>
ST_2 : Operation 83 [1/1] (0.00ns)   --->   "%res_0_V_write_assign = call i24 @_ssdm_op_BitConcatenate.i24.i18.i6(i18 %add_ln731, i6 0)" [firmware/nnet_utils/nnet_mult.h:101->firmware/nnet_utils/nnet_dense_latency.h:125]   --->   Operation 83 'bitconcatenate' 'res_0_V_write_assign' <Predicate = true> <Delay = 0.00>
ST_2 : Operation 84 [1/1] (0.00ns) (grouped into TernaryAdder)   --->   "%add_ln731_9 = add i18 %trunc_ln703_10, %trunc_ln703_9" [firmware/nnet_utils/nnet_mult.h:101->firmware/nnet_utils/nnet_dense_latency.h:125]   --->   Operation 84 'add' 'add_ln731_9' <Predicate = true> <Delay = 0.00> <Core = "TAddSub">   --->   Core 83 'TAddSub' <Latency = 0> <II = 1> <Delay = 1.03> <IPBlock> <Opcode : 'add' 'sub'> <InPorts = 3> <OutPorts = 1> <Sync> <CReg>
ST_2 : Operation 85 [1/1] (2.06ns) (root node of TernaryAdder)   --->   "%add_ln731_10 = add i18 %add_ln731_8, %add_ln731_9" [firmware/nnet_utils/nnet_mult.h:101->firmware/nnet_utils/nnet_dense_latency.h:125]   --->   Operation 85 'add' 'add_ln731_10' <Predicate = true> <Delay = 2.06> <Core = "TAddSub">   --->   Core 83 'TAddSub' <Latency = 0> <II = 1> <Delay = 1.03> <IPBlock> <Opcode : 'add' 'sub'> <InPorts = 3> <OutPorts = 1> <Sync> <CReg>
ST_2 : Operation 86 [1/1] (0.00ns) (grouped into TernaryAdder)   --->   "%add_ln731_14 = add i18 %add_ln731_11, %add_ln731_13" [firmware/nnet_utils/nnet_mult.h:101->firmware/nnet_utils/nnet_dense_latency.h:125]   --->   Operation 86 'add' 'add_ln731_14' <Predicate = true> <Delay = 0.00> <Core = "TAddSub">   --->   Core 83 'TAddSub' <Latency = 0> <II = 1> <Delay = 1.03> <IPBlock> <Opcode : 'add' 'sub'> <InPorts = 3> <OutPorts = 1> <Sync> <CReg>
ST_2 : Operation 87 [1/1] (2.06ns) (root node of TernaryAdder)   --->   "%add_ln731_15 = add i18 %add_ln731_10, %add_ln731_14" [firmware/nnet_utils/nnet_mult.h:101->firmware/nnet_utils/nnet_dense_latency.h:125]   --->   Operation 87 'add' 'add_ln731_15' <Predicate = true> <Delay = 2.06> <Core = "TAddSub">   --->   Core 83 'TAddSub' <Latency = 0> <II = 1> <Delay = 1.03> <IPBlock> <Opcode : 'add' 'sub'> <InPorts = 3> <OutPorts = 1> <Sync> <CReg>
ST_2 : Operation 88 [1/1] (0.00ns)   --->   "%res_1_V_write_assign = call i24 @_ssdm_op_BitConcatenate.i24.i18.i6(i18 %add_ln731_15, i6 0)" [firmware/nnet_utils/nnet_mult.h:101->firmware/nnet_utils/nnet_dense_latency.h:125]   --->   Operation 88 'bitconcatenate' 'res_1_V_write_assign' <Predicate = true> <Delay = 0.00>
ST_2 : Operation 89 [1/1] (0.00ns)   --->   "%mrv = insertvalue { i24, i24 } undef, i24 %res_0_V_write_assign, 0" [firmware/nnet_utils/nnet_dense_latency.h:127]   --->   Operation 89 'insertvalue' 'mrv' <Predicate = true> <Delay = 0.00>
ST_2 : Operation 90 [1/1] (0.00ns)   --->   "%mrv_1 = insertvalue { i24, i24 } %mrv, i24 %res_1_V_write_assign, 1" [firmware/nnet_utils/nnet_dense_latency.h:127]   --->   Operation 90 'insertvalue' 'mrv_1' <Predicate = true> <Delay = 0.00>
ST_2 : Operation 91 [1/1] (0.00ns)   --->   "ret { i24, i24 } %mrv_1" [firmware/nnet_utils/nnet_dense_latency.h:127]   --->   Operation 91 'ret' <Predicate = true> <Delay = 0.00>


============================================================
+ Verbose Summary: Timing violations
============================================================
Target clock period: 7.69ns, clock uncertainty: 0.961ns.

 <State 1>: 6.21ns
The critical path consists of the following:
	wire read on port 'data_15_V_read' (firmware/nnet_utils/nnet_dense_latency.h:33) [17]  (0 ns)
	'mul' operation ('mul_ln1118_15', firmware/nnet_utils/nnet_mult.h:67->firmware/nnet_utils/nnet_dense_latency.h:96) [68]  (4.14 ns)
	'add' operation ('add_ln731_12', firmware/nnet_utils/nnet_mult.h:101->firmware/nnet_utils/nnet_dense_latency.h:125) [98]  (0 ns)
	'add' operation ('add_ln731_13', firmware/nnet_utils/nnet_mult.h:101->firmware/nnet_utils/nnet_dense_latency.h:125) [99]  (2.07 ns)

 <State 2>: 4.13ns
The critical path consists of the following:
	'add' operation ('add_ln731_2', firmware/nnet_utils/nnet_mult.h:101->firmware/nnet_utils/nnet_dense_latency.h:125) [86]  (0 ns)
	'add' operation ('add_ln731_3', firmware/nnet_utils/nnet_mult.h:101->firmware/nnet_utils/nnet_dense_latency.h:125) [87]  (2.07 ns)
	'add' operation ('add_ln731', firmware/nnet_utils/nnet_mult.h:101->firmware/nnet_utils/nnet_dense_latency.h:125) [92]  (2.07 ns)


============================================================
+ Verbose Summary: Binding
============================================================
N/A
* FSMD analyzer results:
  - Output states:
 - Input state : 
  - Chain level:
	State 1
	State 2


============================================================
+ Verbose Summary: Datapath Resource usage 
============================================================
N/A
